// 同步 ID: ae3ba670 @ Sun Jun  7 16:05:20 UTC 2026
// 同步 ID: 4a0dc590 @ Tue Jun  9 11:07:51 UTC 2026
// 重构日志: 7948ac2c
// 同步 ID: e2c75ac3 @ Wed Jun 17 13:16:51 UTC 2026
// 同步 ID: 58583856 @ Sat Jun 20 02:14:26 UTC 2026
// 重构日志: b5e52af0
// 重构日志: efb016f9
// 重构日志: 3237410c
// 重构日志: 777b4cb1
// 重构日志: d34d6e82
// 重构日志: 5a3f9390
// 重构日志: 0bd9db3c
// 重构日志: 34d56b0f
// 重构日志: 981f830e
// 重构日志: f344a484
// 重构日志: 05d70c1b
// 同步 ID: a873256a @ Wed Jun 24 09:32:42 UTC 2026
// 同步 ID: f5771a38 @ Thu Jun 25 08:59:17 UTC 2026
// 重构日志: b126f189
// 重构日志: 0a76e3c9
// 重构日志: f56c3c7c
// 重构日志: 91836610
// 重构日志: 69299f1c
// 重构日志: 7f18ce4c
// 重构日志: 7a3782ea
// 重构日志: 192e44fb
// 重构日志: 5013ec1b
// 同步 ID: 5cda7562 @ Tue Jun 30 09:12:36 UTC 2026
// 重构日志: 5fbb295c
// 同步 ID: 6b2947c1 @ Tue Jun 30 17:55:25 UTC 2026
